/home/jalan/ros2_ws/install/my_robot_controller/lib/python3.10/site-packages/my_robot_controller/get_pose_data.py
/home/jalan/ros2_ws/install/my_robot_controller/lib/python3.10/site-packages/my_robot_controller/turtle_controller.py
/home/jalan/ros2_ws/install/my_robot_controller/lib/python3.10/site-packages/my_robot_controller/first_node.py
/home/jalan/ros2_ws/install/my_robot_controller/lib/python3.10/site-packages/my_robot_controller/__init__.py
/home/jalan/ros2_ws/install/my_robot_controller/lib/python3.10/site-packages/my_robot_controller/draw_circle.py
/home/jalan/ros2_ws/install/my_robot_controller/lib/python3.10/site-packages/my_robot_controller/__pycache__/get_pose_data.cpython-310.pyc
/home/jalan/ros2_ws/install/my_robot_controller/lib/python3.10/site-packages/my_robot_controller/__pycache__/turtle_controller.cpython-310.pyc
/home/jalan/ros2_ws/install/my_robot_controller/lib/python3.10/site-packages/my_robot_controller/__pycache__/first_node.cpython-310.pyc
/home/jalan/ros2_ws/install/my_robot_controller/lib/python3.10/site-packages/my_robot_controller/__pycache__/__init__.cpython-310.pyc
/home/jalan/ros2_ws/install/my_robot_controller/lib/python3.10/site-packages/my_robot_controller/__pycache__/draw_circle.cpython-310.pyc
/home/jalan/ros2_ws/install/my_robot_controller/share/ament_index/resource_index/packages/my_robot_controller
/home/jalan/ros2_ws/install/my_robot_controller/share/my_robot_controller/package.xml
/home/jalan/ros2_ws/install/my_robot_controller/lib/python3.10/site-packages/my_robot_controller-0.0.0-py3.10.egg-info/top_level.txt
/home/jalan/ros2_ws/install/my_robot_controller/lib/python3.10/site-packages/my_robot_controller-0.0.0-py3.10.egg-info/dependency_links.txt
/home/jalan/ros2_ws/install/my_robot_controller/lib/python3.10/site-packages/my_robot_controller-0.0.0-py3.10.egg-info/zip-safe
/home/jalan/ros2_ws/install/my_robot_controller/lib/python3.10/site-packages/my_robot_controller-0.0.0-py3.10.egg-info/entry_points.txt
/home/jalan/ros2_ws/install/my_robot_controller/lib/python3.10/site-packages/my_robot_controller-0.0.0-py3.10.egg-info/PKG-INFO
/home/jalan/ros2_ws/install/my_robot_controller/lib/python3.10/site-packages/my_robot_controller-0.0.0-py3.10.egg-info/SOURCES.txt
/home/jalan/ros2_ws/install/my_robot_controller/lib/python3.10/site-packages/my_robot_controller-0.0.0-py3.10.egg-info/requires.txt
/home/jalan/ros2_ws/install/my_robot_controller/lib/my_robot_controller/draw_circle
/home/jalan/ros2_ws/install/my_robot_controller/lib/my_robot_controller/node_name
/home/jalan/ros2_ws/install/my_robot_controller/lib/my_robot_controller/pose_data
/home/jalan/ros2_ws/install/my_robot_controller/lib/my_robot_controller/turtle_control
