[2.242s] Invoking command in '/home/jalan/ros2_ws/src/my_robot_controller': PYTHONPATH=/home/jalan/ros2_ws/build/my_robot_controller/prefix_override:/home/jalan/ros2_ws/install/my_robot_controller/lib/python3.10/site-packages:${PYTHONPATH} /usr/bin/python3 setup.py egg_info --egg-base ../../build/my_robot_controller build --build-base /home/jalan/ros2_ws/build/my_robot_controller/build install --record /home/jalan/ros2_ws/build/my_robot_controller/install.log --single-version-externally-managed
[2.587s] running egg_info
[2.587s] writing ../../build/my_robot_controller/my_robot_controller.egg-info/PKG-INFO
[2.588s] writing dependency_links to ../../build/my_robot_controller/my_robot_controller.egg-info/dependency_links.txt
[2.588s] writing entry points to ../../build/my_robot_controller/my_robot_controller.egg-info/entry_points.txt
[2.588s] writing requirements to ../../build/my_robot_controller/my_robot_controller.egg-info/requires.txt
[2.588s] writing top-level names to ../../build/my_robot_controller/my_robot_controller.egg-info/top_level.txt
[2.591s] reading manifest file '../../build/my_robot_controller/my_robot_controller.egg-info/SOURCES.txt'
[2.723s] writing manifest file '../../build/my_robot_controller/my_robot_controller.egg-info/SOURCES.txt'
[2.723s] running build
[2.723s] running build_py
[2.725s] copying my_robot_controller/first_node.py -> /home/jalan/ros2_ws/build/my_robot_controller/build/lib/my_robot_controller
[2.725s] copying my_robot_controller/draw_circle.py -> /home/jalan/ros2_ws/build/my_robot_controller/build/lib/my_robot_controller
[2.725s] running install
[2.726s] running install_lib
[2.727s] copying /home/jalan/ros2_ws/build/my_robot_controller/build/lib/my_robot_controller/first_node.py -> /home/jalan/ros2_ws/install/my_robot_controller/lib/python3.10/site-packages/my_robot_controller
[2.727s] copying /home/jalan/ros2_ws/build/my_robot_controller/build/lib/my_robot_controller/draw_circle.py -> /home/jalan/ros2_ws/install/my_robot_controller/lib/python3.10/site-packages/my_robot_controller
[2.728s] byte-compiling /home/jalan/ros2_ws/install/my_robot_controller/lib/python3.10/site-packages/my_robot_controller/first_node.py to first_node.cpython-310.pyc
[2.728s] byte-compiling /home/jalan/ros2_ws/install/my_robot_controller/lib/python3.10/site-packages/my_robot_controller/draw_circle.py to draw_circle.cpython-310.pyc
[2.729s] running install_data
[2.730s] running install_egg_info
[2.732s] removing '/home/jalan/ros2_ws/install/my_robot_controller/lib/python3.10/site-packages/my_robot_controller-0.0.0-py3.10.egg-info' (and everything under it)
[2.732s] Copying ../../build/my_robot_controller/my_robot_controller.egg-info to /home/jalan/ros2_ws/install/my_robot_controller/lib/python3.10/site-packages/my_robot_controller-0.0.0-py3.10.egg-info
[2.787s] running install_scripts
[2.818s] Installing node_name = my_robot_controller.first_node:maindraw_circle script to /home/jalan/ros2_ws/install/my_robot_controller/lib/my_robot_controller
[2.834s] writing list of installed files to '/home/jalan/ros2_ws/build/my_robot_controller/install.log'
[2.901s] Invoked command in '/home/jalan/ros2_ws/src/my_robot_controller' returned '0': PYTHONPATH=/home/jalan/ros2_ws/build/my_robot_controller/prefix_override:/home/jalan/ros2_ws/install/my_robot_controller/lib/python3.10/site-packages:${PYTHONPATH} /usr/bin/python3 setup.py egg_info --egg-base ../../build/my_robot_controller build --build-base /home/jalan/ros2_ws/build/my_robot_controller/build install --record /home/jalan/ros2_ws/build/my_robot_controller/install.log --single-version-externally-managed
