[1.238s] Invoking command in '/home/jalan/ros2_ws/src/my_robot_controller': PYTHONPATH=/home/jalan/ros2_ws/build/my_robot_controller/prefix_override:/home/jalan/ros2_ws/install/my_robot_controller/lib/python3.10/site-packages:${PYTHONPATH} /usr/bin/python3 setup.py egg_info --egg-base ../../build/my_robot_controller build --build-base /home/jalan/ros2_ws/build/my_robot_controller/build install --record /home/jalan/ros2_ws/build/my_robot_controller/install.log --single-version-externally-managed
[1.601s] running egg_info
[1.602s] writing ../../build/my_robot_controller/my_robot_controller.egg-info/PKG-INFO
[1.603s] writing dependency_links to ../../build/my_robot_controller/my_robot_controller.egg-info/dependency_links.txt
[1.603s] writing entry points to ../../build/my_robot_controller/my_robot_controller.egg-info/entry_points.txt
[1.603s] writing requirements to ../../build/my_robot_controller/my_robot_controller.egg-info/requires.txt
[1.603s] writing top-level names to ../../build/my_robot_controller/my_robot_controller.egg-info/top_level.txt
[1.605s] reading manifest file '../../build/my_robot_controller/my_robot_controller.egg-info/SOURCES.txt'
[1.606s] writing manifest file '../../build/my_robot_controller/my_robot_controller.egg-info/SOURCES.txt'
[1.607s] running build
[1.607s] running build_py
[1.607s] copying my_robot_controller/first_node.py -> /home/jalan/ros2_ws/build/my_robot_controller/build/lib/my_robot_controller
[1.608s] running install
[1.608s] running install_lib
[1.608s] copying /home/jalan/ros2_ws/build/my_robot_controller/build/lib/my_robot_controller/first_node.py -> /home/jalan/ros2_ws/install/my_robot_controller/lib/python3.10/site-packages/my_robot_controller
[1.609s] byte-compiling /home/jalan/ros2_ws/install/my_robot_controller/lib/python3.10/site-packages/my_robot_controller/first_node.py to first_node.cpython-310.pyc
[1.610s] running install_data
[1.610s] running install_egg_info
[1.612s] removing '/home/jalan/ros2_ws/install/my_robot_controller/lib/python3.10/site-packages/my_robot_controller-0.0.0-py3.10.egg-info' (and everything under it)
[1.613s] Copying ../../build/my_robot_controller/my_robot_controller.egg-info to /home/jalan/ros2_ws/install/my_robot_controller/lib/python3.10/site-packages/my_robot_controller-0.0.0-py3.10.egg-info
[1.614s] running install_scripts
[1.640s] Installing node_name script to /home/jalan/ros2_ws/install/my_robot_controller/lib/my_robot_controller
[1.641s] writing list of installed files to '/home/jalan/ros2_ws/build/my_robot_controller/install.log'
[1.680s] Invoked command in '/home/jalan/ros2_ws/src/my_robot_controller' returned '0': PYTHONPATH=/home/jalan/ros2_ws/build/my_robot_controller/prefix_override:/home/jalan/ros2_ws/install/my_robot_controller/lib/python3.10/site-packages:${PYTHONPATH} /usr/bin/python3 setup.py egg_info --egg-base ../../build/my_robot_controller build --build-base /home/jalan/ros2_ws/build/my_robot_controller/build install --record /home/jalan/ros2_ws/build/my_robot_controller/install.log --single-version-externally-managed
